2022-10-19 20:30:26.863 [main] INFO  com.example.demo.StudyApplication -Starting StudyApplication using Java 1.8.0_211 on DESKTOP-0KALMA1 with PID 10664 (E:\hyron\Lihongwei\study\target\classes started by Mr.li in E:\hyron\Lihongwei\study)
2022-10-19 20:30:26.863 [main] INFO  com.example.demo.StudyApplication -The following 1 profile is active: "dev"
2022-10-19 20:30:31.616 [main] INFO  o.s.boot.web.embedded.tomcat.TomcatWebServer -Tomcat initialized with port(s): 8080 (http)
2022-10-19 20:30:31.616 [main] INFO  org.apache.catalina.core.AprLifecycleListener -An older version [1.2.23] of the Apache Tomcat Native library is installed, while Tomcat recommends a minimum version of [1.2.30]
2022-10-19 20:30:31.616 [main] INFO  org.apache.catalina.core.AprLifecycleListener -Loaded Apache Tomcat Native library [1.2.23] using APR version [1.7.0].
2022-10-19 20:30:31.616 [main] INFO  org.apache.catalina.core.AprLifecycleListener -APR capabilities: IPv6 [true], sendfile [true], accept filters [false], random [true], UDS [false].
2022-10-19 20:30:31.616 [main] INFO  org.apache.catalina.core.AprLifecycleListener -APR/OpenSSL configuration: useAprConnector [false], useOpenSSL [true]
2022-10-19 20:30:31.670 [main] INFO  org.apache.catalina.core.AprLifecycleListener -OpenSSL successfully initialized [OpenSSL 1.1.1c  28 May 2019]
2022-10-19 20:30:31.716 [main] INFO  org.apache.coyote.http11.Http11NioProtocol -Initializing ProtocolHandler ["http-nio-8080"]
2022-10-19 20:30:31.716 [main] INFO  org.apache.catalina.core.StandardService -Starting service [Tomcat]
2022-10-19 20:30:31.716 [main] INFO  org.apache.catalina.core.StandardEngine -Starting Servlet engine: [Apache Tomcat/9.0.65]
2022-10-19 20:30:32.039 [main] INFO  o.a.c.core.ContainerBase.[Tomcat].[localhost].[/] -Initializing Spring embedded WebApplicationContext
2022-10-19 20:30:32.039 [main] INFO  o.s.b.w.s.c.ServletWebServerApplicationContext -Root WebApplicationContext: initialization completed in 4805 ms
2022-10-19 20:30:34.209 [main] INFO  org.apache.coyote.http11.Http11NioProtocol -Starting ProtocolHandler ["http-nio-8080"]
2022-10-19 20:30:34.247 [main] INFO  o.s.boot.web.embedded.tomcat.TomcatWebServer -Tomcat started on port(s): 8080 (http) with context path ''
2022-10-19 20:30:34.247 [main] INFO  com.example.demo.StudyApplication -Started StudyApplication in 9.26 seconds (JVM running for 11.506)
2022-10-19 20:30:49.760 [http-nio-8080-exec-2] INFO  o.a.c.core.ContainerBase.[Tomcat].[localhost].[/] -Initializing Spring DispatcherServlet 'dispatcherServlet'
2022-10-19 20:30:49.760 [http-nio-8080-exec-2] INFO  org.springframework.web.servlet.DispatcherServlet -Initializing Servlet 'dispatcherServlet'
2022-10-19 20:30:49.761 [http-nio-8080-exec-2] INFO  org.springframework.web.servlet.DispatcherServlet -Completed initialization in 1 ms
2022-10-19 20:30:49.907 [http-nio-8080-exec-2] INFO  com.example.demo.aspect.AopLog -调用前：com.example.demo.controller.LoginController：login,传递的参数为：[]
2022-10-19 20:30:49.919 [http-nio-8080-exec-2] INFO  com.example.demo.aspect.AopLog -URL:http://localhost:8080/login
2022-10-19 20:30:49.920 [http-nio-8080-exec-2] INFO  com.example.demo.aspect.AopLog -IP地址：0:0:0:0:0:0:0:1
2022-10-19 20:30:49.925 [http-nio-8080-exec-2] INFO  com.example.demo.aspect.AopLog -调用后：com.example.demo.controller.LoginController：login,返回值为："login"
2022-10-19 20:30:49.925 [http-nio-8080-exec-2] INFO  com.example.demo.aspect.AopLog -耗时：79ms
2022-10-19 20:52:01.403 [main] INFO  com.example.demo.StudyApplication -Starting StudyApplication using Java 1.8.0_211 on DESKTOP-0KALMA1 with PID 8804 (E:\hyron\Lihongwei\study\target\classes started by Mr.li in E:\hyron\Lihongwei\study)
2022-10-19 20:52:01.408 [main] INFO  com.example.demo.StudyApplication -The following 1 profile is active: "dev"
2022-10-19 20:52:03.828 [main] INFO  o.s.boot.web.embedded.tomcat.TomcatWebServer -Tomcat initialized with port(s): 8080 (http)
2022-10-19 20:52:03.829 [main] INFO  org.apache.catalina.core.AprLifecycleListener -An older version [1.2.23] of the Apache Tomcat Native library is installed, while Tomcat recommends a minimum version of [1.2.30]
2022-10-19 20:52:03.829 [main] INFO  org.apache.catalina.core.AprLifecycleListener -Loaded Apache Tomcat Native library [1.2.23] using APR version [1.7.0].
2022-10-19 20:52:03.830 [main] INFO  org.apache.catalina.core.AprLifecycleListener -APR capabilities: IPv6 [true], sendfile [true], accept filters [false], random [true], UDS [false].
2022-10-19 20:52:03.830 [main] INFO  org.apache.catalina.core.AprLifecycleListener -APR/OpenSSL configuration: useAprConnector [false], useOpenSSL [true]
2022-10-19 20:52:03.834 [main] INFO  org.apache.catalina.core.AprLifecycleListener -OpenSSL successfully initialized [OpenSSL 1.1.1c  28 May 2019]
2022-10-19 20:52:03.843 [main] INFO  org.apache.coyote.http11.Http11NioProtocol -Initializing ProtocolHandler ["http-nio-8080"]
2022-10-19 20:52:03.844 [main] INFO  org.apache.catalina.core.StandardService -Starting service [Tomcat]
2022-10-19 20:52:03.844 [main] INFO  org.apache.catalina.core.StandardEngine -Starting Servlet engine: [Apache Tomcat/9.0.65]
2022-10-19 20:52:03.993 [main] INFO  o.a.c.core.ContainerBase.[Tomcat].[localhost].[/] -Initializing Spring embedded WebApplicationContext
2022-10-19 20:52:03.994 [main] INFO  o.s.b.w.s.c.ServletWebServerApplicationContext -Root WebApplicationContext: initialization completed in 2446 ms
2022-10-19 20:52:05.069 [main] INFO  org.apache.coyote.http11.Http11NioProtocol -Starting ProtocolHandler ["http-nio-8080"]
2022-10-19 20:52:05.084 [main] INFO  o.s.boot.web.embedded.tomcat.TomcatWebServer -Tomcat started on port(s): 8080 (http) with context path ''
2022-10-19 20:52:05.100 [main] INFO  com.example.demo.StudyApplication -Started StudyApplication in 5.095 seconds (JVM running for 6.959)
2022-10-19 20:52:10.801 [http-nio-8080-exec-1] INFO  o.a.c.core.ContainerBase.[Tomcat].[localhost].[/] -Initializing Spring DispatcherServlet 'dispatcherServlet'
2022-10-19 20:52:10.801 [http-nio-8080-exec-1] INFO  org.springframework.web.servlet.DispatcherServlet -Initializing Servlet 'dispatcherServlet'
2022-10-19 20:52:10.802 [http-nio-8080-exec-1] INFO  org.springframework.web.servlet.DispatcherServlet -Completed initialization in 1 ms
2022-10-19 20:52:10.854 [http-nio-8080-exec-1] INFO  com.example.demo.aspect.AopLog -调用前：com.example.demo.controller.LoginController：login,传递的参数为：[]
2022-10-19 20:52:10.857 [http-nio-8080-exec-1] INFO  com.example.demo.aspect.AopLog -URL:http://localhost:8080/login
2022-10-19 20:52:10.857 [http-nio-8080-exec-1] INFO  com.example.demo.aspect.AopLog -IP地址：0:0:0:0:0:0:0:1
2022-10-19 20:52:10.865 [http-nio-8080-exec-1] INFO  com.example.demo.aspect.AopLog -调用后：com.example.demo.controller.LoginController：login,返回值为："login"
2022-10-19 20:52:10.865 [http-nio-8080-exec-1] INFO  com.example.demo.aspect.AopLog -耗时：32ms
2022-10-19 20:54:02.816 [main] INFO  com.example.demo.StudyApplication -Starting StudyApplication using Java 1.8.0_211 on DESKTOP-0KALMA1 with PID 11940 (E:\hyron\Lihongwei\study\target\classes started by Mr.li in E:\hyron\Lihongwei\study)
2022-10-19 20:54:02.831 [main] INFO  com.example.demo.StudyApplication -The following 1 profile is active: "dev"
2022-10-19 20:54:04.965 [main] INFO  o.s.boot.web.embedded.tomcat.TomcatWebServer -Tomcat initialized with port(s): 8080 (http)
2022-10-19 20:54:04.966 [main] INFO  org.apache.catalina.core.AprLifecycleListener -An older version [1.2.23] of the Apache Tomcat Native library is installed, while Tomcat recommends a minimum version of [1.2.30]
2022-10-19 20:54:04.967 [main] INFO  org.apache.catalina.core.AprLifecycleListener -Loaded Apache Tomcat Native library [1.2.23] using APR version [1.7.0].
2022-10-19 20:54:04.967 [main] INFO  org.apache.catalina.core.AprLifecycleListener -APR capabilities: IPv6 [true], sendfile [true], accept filters [false], random [true], UDS [false].
2022-10-19 20:54:04.967 [main] INFO  org.apache.catalina.core.AprLifecycleListener -APR/OpenSSL configuration: useAprConnector [false], useOpenSSL [true]
2022-10-19 20:54:04.971 [main] INFO  org.apache.catalina.core.AprLifecycleListener -OpenSSL successfully initialized [OpenSSL 1.1.1c  28 May 2019]
2022-10-19 20:54:04.979 [main] INFO  org.apache.coyote.http11.Http11NioProtocol -Initializing ProtocolHandler ["http-nio-8080"]
2022-10-19 20:54:04.979 [main] INFO  org.apache.catalina.core.StandardService -Starting service [Tomcat]
2022-10-19 20:54:04.979 [main] INFO  org.apache.catalina.core.StandardEngine -Starting Servlet engine: [Apache Tomcat/9.0.65]
2022-10-19 20:54:05.145 [main] INFO  o.a.c.core.ContainerBase.[Tomcat].[localhost].[/] -Initializing Spring embedded WebApplicationContext
2022-10-19 20:54:05.145 [main] INFO  o.s.b.w.s.c.ServletWebServerApplicationContext -Root WebApplicationContext: initialization completed in 2153 ms
2022-10-19 20:54:06.216 [main] INFO  org.apache.coyote.http11.Http11NioProtocol -Starting ProtocolHandler ["http-nio-8080"]
2022-10-19 20:54:06.248 [main] INFO  o.s.boot.web.embedded.tomcat.TomcatWebServer -Tomcat started on port(s): 8080 (http) with context path ''
2022-10-19 20:54:06.263 [main] INFO  com.example.demo.StudyApplication -Started StudyApplication in 4.363 seconds (JVM running for 5.916)
2022-10-19 20:54:10.302 [http-nio-8080-exec-1] INFO  o.a.c.core.ContainerBase.[Tomcat].[localhost].[/] -Initializing Spring DispatcherServlet 'dispatcherServlet'
2022-10-19 20:54:10.302 [http-nio-8080-exec-1] INFO  org.springframework.web.servlet.DispatcherServlet -Initializing Servlet 'dispatcherServlet'
2022-10-19 20:54:10.303 [http-nio-8080-exec-1] INFO  org.springframework.web.servlet.DispatcherServlet -Completed initialization in 1 ms
2022-10-19 20:54:10.351 [http-nio-8080-exec-1] INFO  com.example.demo.aspect.AopLog -调用前：com.example.demo.controller.LoginController：login,传递的参数为：[]
2022-10-19 20:54:10.352 [http-nio-8080-exec-1] INFO  com.example.demo.aspect.AopLog -URL:http://localhost:8080/login
2022-10-19 20:54:10.352 [http-nio-8080-exec-1] INFO  com.example.demo.aspect.AopLog -IP地址：0:0:0:0:0:0:0:1
2022-10-19 20:54:10.359 [http-nio-8080-exec-1] INFO  com.example.demo.aspect.AopLog -调用后：com.example.demo.controller.LoginController：login,返回值为："login"
2022-10-19 20:54:10.360 [http-nio-8080-exec-1] INFO  com.example.demo.aspect.AopLog -耗时：29ms
2022-10-19 21:04:22.876 [main] INFO  com.example.demo.StudyApplication -Starting StudyApplication using Java 1.8.0_211 on DESKTOP-0KALMA1 with PID 4808 (E:\hyron\Lihongwei\study\target\classes started by Mr.li in E:\hyron\Lihongwei\study)
2022-10-19 21:04:22.876 [main] INFO  com.example.demo.StudyApplication -The following 1 profile is active: "dev"
2022-10-19 21:04:24.577 [main] INFO  o.s.boot.web.embedded.tomcat.TomcatWebServer -Tomcat initialized with port(s): 8080 (http)
2022-10-19 21:04:24.577 [main] INFO  org.apache.catalina.core.AprLifecycleListener -An older version [1.2.23] of the Apache Tomcat Native library is installed, while Tomcat recommends a minimum version of [1.2.30]
2022-10-19 21:04:24.577 [main] INFO  org.apache.catalina.core.AprLifecycleListener -Loaded Apache Tomcat Native library [1.2.23] using APR version [1.7.0].
2022-10-19 21:04:24.577 [main] INFO  org.apache.catalina.core.AprLifecycleListener -APR capabilities: IPv6 [true], sendfile [true], accept filters [false], random [true], UDS [false].
2022-10-19 21:04:24.577 [main] INFO  org.apache.catalina.core.AprLifecycleListener -APR/OpenSSL configuration: useAprConnector [false], useOpenSSL [true]
2022-10-19 21:04:24.577 [main] INFO  org.apache.catalina.core.AprLifecycleListener -OpenSSL successfully initialized [OpenSSL 1.1.1c  28 May 2019]
2022-10-19 21:04:24.593 [main] INFO  org.apache.coyote.http11.Http11NioProtocol -Initializing ProtocolHandler ["http-nio-8080"]
2022-10-19 21:04:24.593 [main] INFO  org.apache.catalina.core.StandardService -Starting service [Tomcat]
2022-10-19 21:04:24.593 [main] INFO  org.apache.catalina.core.StandardEngine -Starting Servlet engine: [Apache Tomcat/9.0.65]
2022-10-19 21:04:24.731 [main] INFO  o.a.c.core.ContainerBase.[Tomcat].[localhost].[/] -Initializing Spring embedded WebApplicationContext
2022-10-19 21:04:24.731 [main] INFO  o.s.b.w.s.c.ServletWebServerApplicationContext -Root WebApplicationContext: initialization completed in 1792 ms
2022-10-19 21:04:25.649 [main] INFO  org.apache.coyote.http11.Http11NioProtocol -Starting ProtocolHandler ["http-nio-8080"]
2022-10-19 21:04:25.665 [main] INFO  o.s.boot.web.embedded.tomcat.TomcatWebServer -Tomcat started on port(s): 8080 (http) with context path ''
2022-10-19 21:04:25.680 [main] INFO  com.example.demo.StudyApplication -Started StudyApplication in 3.662 seconds (JVM running for 5.296)
2022-10-19 21:04:34.685 [http-nio-8080-exec-1] INFO  o.a.c.core.ContainerBase.[Tomcat].[localhost].[/] -Initializing Spring DispatcherServlet 'dispatcherServlet'
2022-10-19 21:04:34.685 [http-nio-8080-exec-1] INFO  org.springframework.web.servlet.DispatcherServlet -Initializing Servlet 'dispatcherServlet'
2022-10-19 21:04:34.686 [http-nio-8080-exec-1] INFO  org.springframework.web.servlet.DispatcherServlet -Completed initialization in 1 ms
2022-10-19 21:04:34.737 [http-nio-8080-exec-1] INFO  com.example.demo.aspect.AopLog -调用前：com.example.demo.controller.LoginController：login,传递的参数为：[]
2022-10-19 21:04:34.739 [http-nio-8080-exec-1] INFO  com.example.demo.aspect.AopLog -URL:http://localhost:8080/login
2022-10-19 21:04:34.739 [http-nio-8080-exec-1] INFO  com.example.demo.aspect.AopLog -IP地址：0:0:0:0:0:0:0:1
2022-10-19 21:04:34.745 [http-nio-8080-exec-1] INFO  com.example.demo.aspect.AopLog -调用后：com.example.demo.controller.LoginController：login,返回值为："login"
2022-10-19 21:04:34.745 [http-nio-8080-exec-1] INFO  com.example.demo.aspect.AopLog -耗时：30ms
2022-10-19 21:06:04.181 [main] INFO  com.example.demo.StudyApplication -Starting StudyApplication using Java 1.8.0_211 on DESKTOP-0KALMA1 with PID 13300 (E:\hyron\Lihongwei\study\target\classes started by Mr.li in E:\hyron\Lihongwei\study)
2022-10-19 21:06:04.181 [main] INFO  com.example.demo.StudyApplication -The following 1 profile is active: "dev"
2022-10-19 21:06:05.789 [main] INFO  o.s.boot.web.embedded.tomcat.TomcatWebServer -Tomcat initialized with port(s): 8080 (http)
2022-10-19 21:06:05.789 [main] INFO  org.apache.catalina.core.AprLifecycleListener -An older version [1.2.23] of the Apache Tomcat Native library is installed, while Tomcat recommends a minimum version of [1.2.30]
2022-10-19 21:06:05.789 [main] INFO  org.apache.catalina.core.AprLifecycleListener -Loaded Apache Tomcat Native library [1.2.23] using APR version [1.7.0].
2022-10-19 21:06:05.789 [main] INFO  org.apache.catalina.core.AprLifecycleListener -APR capabilities: IPv6 [true], sendfile [true], accept filters [false], random [true], UDS [false].
2022-10-19 21:06:05.789 [main] INFO  org.apache.catalina.core.AprLifecycleListener -APR/OpenSSL configuration: useAprConnector [false], useOpenSSL [true]
2022-10-19 21:06:05.789 [main] INFO  org.apache.catalina.core.AprLifecycleListener -OpenSSL successfully initialized [OpenSSL 1.1.1c  28 May 2019]
2022-10-19 21:06:05.805 [main] INFO  org.apache.coyote.http11.Http11NioProtocol -Initializing ProtocolHandler ["http-nio-8080"]
2022-10-19 21:06:05.805 [main] INFO  org.apache.catalina.core.StandardService -Starting service [Tomcat]
2022-10-19 21:06:05.805 [main] INFO  org.apache.catalina.core.StandardEngine -Starting Servlet engine: [Apache Tomcat/9.0.65]
2022-10-19 21:06:05.936 [main] INFO  o.a.c.core.ContainerBase.[Tomcat].[localhost].[/] -Initializing Spring embedded WebApplicationContext
2022-10-19 21:06:05.952 [main] INFO  o.s.b.w.s.c.ServletWebServerApplicationContext -Root WebApplicationContext: initialization completed in 1671 ms
2022-10-19 21:06:06.823 [main] INFO  org.apache.coyote.http11.Http11NioProtocol -Starting ProtocolHandler ["http-nio-8080"]
2022-10-19 21:06:06.839 [main] INFO  o.s.boot.web.embedded.tomcat.TomcatWebServer -Tomcat started on port(s): 8080 (http) with context path ''
2022-10-19 21:06:06.854 [main] INFO  com.example.demo.StudyApplication -Started StudyApplication in 3.472 seconds (JVM running for 5.099)
2022-10-19 21:06:13.224 [http-nio-8080-exec-2] INFO  o.a.c.core.ContainerBase.[Tomcat].[localhost].[/] -Initializing Spring DispatcherServlet 'dispatcherServlet'
2022-10-19 21:06:13.224 [http-nio-8080-exec-2] INFO  org.springframework.web.servlet.DispatcherServlet -Initializing Servlet 'dispatcherServlet'
2022-10-19 21:06:13.225 [http-nio-8080-exec-2] INFO  org.springframework.web.servlet.DispatcherServlet -Completed initialization in 1 ms
2022-10-19 21:06:13.275 [http-nio-8080-exec-2] INFO  com.example.demo.aspect.AopLog -调用前：com.example.demo.controller.LoginController：login,传递的参数为：[]
2022-10-19 21:06:13.276 [http-nio-8080-exec-2] INFO  com.example.demo.aspect.AopLog -URL:http://localhost:8080/login
2022-10-19 21:06:13.277 [http-nio-8080-exec-2] INFO  com.example.demo.aspect.AopLog -IP地址：0:0:0:0:0:0:0:1
2022-10-19 21:06:13.284 [http-nio-8080-exec-2] INFO  com.example.demo.aspect.AopLog -调用后：com.example.demo.controller.LoginController：login,返回值为："login"
2022-10-19 21:06:13.284 [http-nio-8080-exec-2] INFO  com.example.demo.aspect.AopLog -耗时：30ms
2022-10-19 21:14:44.583 [main] INFO  com.example.demo.StudyApplication -Starting StudyApplication using Java 1.8.0_211 on DESKTOP-0KALMA1 with PID 6168 (E:\hyron\Lihongwei\study\target\classes started by Mr.li in E:\hyron\Lihongwei\study)
2022-10-19 21:14:44.583 [main] INFO  com.example.demo.StudyApplication -The following 1 profile is active: "dev"
2022-10-19 21:14:46.143 [main] INFO  o.s.boot.web.embedded.tomcat.TomcatWebServer -Tomcat initialized with port(s): 8080 (http)
2022-10-19 21:14:46.143 [main] INFO  org.apache.catalina.core.AprLifecycleListener -An older version [1.2.23] of the Apache Tomcat Native library is installed, while Tomcat recommends a minimum version of [1.2.30]
2022-10-19 21:14:46.143 [main] INFO  org.apache.catalina.core.AprLifecycleListener -Loaded Apache Tomcat Native library [1.2.23] using APR version [1.7.0].
2022-10-19 21:14:46.143 [main] INFO  org.apache.catalina.core.AprLifecycleListener -APR capabilities: IPv6 [true], sendfile [true], accept filters [false], random [true], UDS [false].
2022-10-19 21:14:46.143 [main] INFO  org.apache.catalina.core.AprLifecycleListener -APR/OpenSSL configuration: useAprConnector [false], useOpenSSL [true]
2022-10-19 21:14:46.158 [main] INFO  org.apache.catalina.core.AprLifecycleListener -OpenSSL successfully initialized [OpenSSL 1.1.1c  28 May 2019]
2022-10-19 21:14:46.158 [main] INFO  org.apache.coyote.http11.Http11NioProtocol -Initializing ProtocolHandler ["http-nio-8080"]
2022-10-19 21:14:46.158 [main] INFO  org.apache.catalina.core.StandardService -Starting service [Tomcat]
2022-10-19 21:14:46.158 [main] INFO  org.apache.catalina.core.StandardEngine -Starting Servlet engine: [Apache Tomcat/9.0.65]
2022-10-19 21:14:46.312 [main] INFO  o.a.c.core.ContainerBase.[Tomcat].[localhost].[/] -Initializing Spring embedded WebApplicationContext
2022-10-19 21:14:46.312 [main] INFO  o.s.b.w.s.c.ServletWebServerApplicationContext -Root WebApplicationContext: initialization completed in 1618 ms
2022-10-19 21:14:47.346 [main] INFO  org.apache.coyote.http11.Http11NioProtocol -Starting ProtocolHandler ["http-nio-8080"]
2022-10-19 21:14:47.361 [main] INFO  o.s.boot.web.embedded.tomcat.TomcatWebServer -Tomcat started on port(s): 8080 (http) with context path ''
2022-10-19 21:14:47.377 [main] INFO  com.example.demo.StudyApplication -Started StudyApplication in 3.629 seconds (JVM running for 5.167)
2022-10-19 21:14:51.938 [http-nio-8080-exec-1] INFO  o.a.c.core.ContainerBase.[Tomcat].[localhost].[/] -Initializing Spring DispatcherServlet 'dispatcherServlet'
2022-10-19 21:14:51.939 [http-nio-8080-exec-1] INFO  org.springframework.web.servlet.DispatcherServlet -Initializing Servlet 'dispatcherServlet'
2022-10-19 21:14:51.940 [http-nio-8080-exec-1] INFO  org.springframework.web.servlet.DispatcherServlet -Completed initialization in 1 ms
2022-10-19 21:14:51.972 [http-nio-8080-exec-1] INFO  com.example.demo.aspect.AopLog -调用前：com.example.demo.controller.LoginController：login
2022-10-19 21:14:51.973 [http-nio-8080-exec-1] INFO  com.example.demo.aspect.AopLog -URL:http://localhost:8080/login
2022-10-19 21:14:51.974 [http-nio-8080-exec-1] INFO  com.example.demo.aspect.AopLog -IP地址：0:0:0:0:0:0:0:1
2022-10-19 21:14:51.979 [http-nio-8080-exec-1] INFO  com.example.demo.aspect.AopLog -耗时：9ms
2022-10-19 21:14:58.996 [http-nio-8080-exec-2] INFO  com.example.demo.aspect.AopLog -调用前：com.example.demo.controller.LoginController：loginbtn
2022-10-19 21:14:58.997 [http-nio-8080-exec-2] INFO  com.example.demo.aspect.AopLog -URL:http://localhost:8080/login
2022-10-19 21:14:58.997 [http-nio-8080-exec-2] INFO  com.example.demo.aspect.AopLog -IP地址：0:0:0:0:0:0:0:1
2022-10-19 21:14:58.997 [http-nio-8080-exec-2] INFO  com.example.demo.controller.LoginController -LoginController.loginbtn开始
2022-10-19 21:14:59.005 [http-nio-8080-exec-2] INFO  com.example.demo.aspect.AopLog -调用前：com.example.demo.service.impl.LoginServiceImpl：loginAcntCheck
2022-10-19 21:14:59.005 [http-nio-8080-exec-2] INFO  com.example.demo.aspect.AopLog -URL:http://localhost:8080/login
2022-10-19 21:14:59.005 [http-nio-8080-exec-2] INFO  com.example.demo.aspect.AopLog -IP地址：0:0:0:0:0:0:0:1
2022-10-19 21:14:59.010 [http-nio-8080-exec-2] INFO  com.example.demo.service.impl.LoginServiceImpl -LoginService.loginAcntCheck开始
2022-10-19 21:14:59.199 [http-nio-8080-exec-2] INFO  com.zaxxer.hikari.HikariDataSource -HikariPool-1 - Starting...
2022-10-19 21:15:00.374 [http-nio-8080-exec-2] INFO  com.zaxxer.hikari.HikariDataSource -HikariPool-1 - Start completed.
2022-10-19 21:15:00.491 [http-nio-8080-exec-2] INFO  com.example.demo.aspect.AopLog -耗时：1486ms
2022-10-19 21:15:00.491 [http-nio-8080-exec-2] INFO  com.example.demo.aspect.AopLog -耗时：1486ms
2022-10-19 21:15:00.529 [http-nio-8080-exec-3] INFO  com.example.demo.aspect.AopLog -调用前：com.example.demo.controller.InitController：init
2022-10-19 21:15:00.529 [http-nio-8080-exec-3] INFO  com.example.demo.aspect.AopLog -URL:http://localhost:8080/list-init
2022-10-19 21:15:00.530 [http-nio-8080-exec-3] INFO  com.example.demo.aspect.AopLog -IP地址：0:0:0:0:0:0:0:1
2022-10-19 21:15:00.535 [http-nio-8080-exec-3] INFO  com.example.demo.controller.InitController -InitController.init开始
2022-10-19 21:15:00.535 [http-nio-8080-exec-3] INFO  com.example.demo.aspect.AopLog -调用前：com.example.demo.service.impl.InitServiceImpl：init
2022-10-19 21:15:00.535 [http-nio-8080-exec-3] INFO  com.example.demo.aspect.AopLog -URL:http://localhost:8080/list-init
2022-10-19 21:15:00.535 [http-nio-8080-exec-3] INFO  com.example.demo.aspect.AopLog -IP地址：0:0:0:0:0:0:0:1
2022-10-19 21:15:00.538 [http-nio-8080-exec-3] INFO  com.example.demo.service.impl.InitServiceImpl -InitService.init开始
2022-10-19 21:15:00.544 [http-nio-8080-exec-3] INFO  com.example.demo.service.impl.InitServiceImpl -userinfoSize:3
2022-10-19 21:15:00.544 [http-nio-8080-exec-3] INFO  com.example.demo.aspect.AopLog -耗时：9ms
2022-10-19 21:15:00.544 [http-nio-8080-exec-3] INFO  com.example.demo.aspect.AopLog -耗时：9ms
2022-10-19 21:50:44.029 [main] INFO  com.example.demo.StudyApplication -Starting StudyApplication using Java 1.8.0_211 on DESKTOP-0KALMA1 with PID 6668 (E:\hyron\Lihongwei\study\target\classes started by Mr.li in E:\hyron\Lihongwei\study)
2022-10-19 21:50:44.029 [main] INFO  com.example.demo.StudyApplication -The following 1 profile is active: "dev"
2022-10-19 21:50:45.596 [main] INFO  o.s.boot.web.embedded.tomcat.TomcatWebServer -Tomcat initialized with port(s): 8080 (http)
2022-10-19 21:50:45.596 [main] INFO  org.apache.catalina.core.AprLifecycleListener -An older version [1.2.23] of the Apache Tomcat Native library is installed, while Tomcat recommends a minimum version of [1.2.30]
2022-10-19 21:50:45.596 [main] INFO  org.apache.catalina.core.AprLifecycleListener -Loaded Apache Tomcat Native library [1.2.23] using APR version [1.7.0].
2022-10-19 21:50:45.596 [main] INFO  org.apache.catalina.core.AprLifecycleListener -APR capabilities: IPv6 [true], sendfile [true], accept filters [false], random [true], UDS [false].
2022-10-19 21:50:45.596 [main] INFO  org.apache.catalina.core.AprLifecycleListener -APR/OpenSSL configuration: useAprConnector [false], useOpenSSL [true]
2022-10-19 21:50:45.612 [main] INFO  org.apache.catalina.core.AprLifecycleListener -OpenSSL successfully initialized [OpenSSL 1.1.1c  28 May 2019]
2022-10-19 21:50:45.612 [main] INFO  org.apache.coyote.http11.Http11NioProtocol -Initializing ProtocolHandler ["http-nio-8080"]
2022-10-19 21:50:45.612 [main] INFO  org.apache.catalina.core.StandardService -Starting service [Tomcat]
2022-10-19 21:50:45.612 [main] INFO  org.apache.catalina.core.StandardEngine -Starting Servlet engine: [Apache Tomcat/9.0.65]
2022-10-19 21:50:45.750 [main] INFO  o.a.c.core.ContainerBase.[Tomcat].[localhost].[/] -Initializing Spring embedded WebApplicationContext
2022-10-19 21:50:45.750 [main] INFO  o.s.b.w.s.c.ServletWebServerApplicationContext -Root WebApplicationContext: initialization completed in 1627 ms
2022-10-19 21:50:46.668 [main] INFO  org.apache.coyote.http11.Http11NioProtocol -Starting ProtocolHandler ["http-nio-8080"]
2022-10-19 21:50:46.699 [main] INFO  o.s.boot.web.embedded.tomcat.TomcatWebServer -Tomcat started on port(s): 8080 (http) with context path ''
2022-10-19 21:50:46.699 [main] INFO  com.example.demo.StudyApplication -Started StudyApplication in 3.592 seconds (JVM running for 5.113)
2022-10-19 21:50:57.049 [http-nio-8080-exec-1] INFO  o.a.c.core.ContainerBase.[Tomcat].[localhost].[/] -Initializing Spring DispatcherServlet 'dispatcherServlet'
2022-10-19 21:50:57.049 [http-nio-8080-exec-1] INFO  org.springframework.web.servlet.DispatcherServlet -Initializing Servlet 'dispatcherServlet'
2022-10-19 21:50:57.049 [http-nio-8080-exec-1] INFO  org.springframework.web.servlet.DispatcherServlet -Completed initialization in 0 ms
2022-10-19 21:50:57.134 [http-nio-8080-exec-1] INFO  com.example.demo.aspect.AopLog -调用前：com.example.demo.controller.LoginController：login,传递的参数为：[]
2022-10-19 21:50:57.134 [http-nio-8080-exec-1] INFO  com.example.demo.aspect.AopLog -调用前：com.example.demo.controller.LoginController：login
2022-10-19 21:50:57.134 [http-nio-8080-exec-1] INFO  com.example.demo.aspect.AopLog -URL:http://localhost:8080/login
2022-10-19 21:50:57.134 [http-nio-8080-exec-1] INFO  com.example.demo.aspect.AopLog -IP地址：0:0:0:0:0:0:0:1
2022-10-19 21:50:57.134 [http-nio-8080-exec-1] INFO  com.example.demo.aspect.AopLog -调用后：com.example.demo.controller.LoginController：login,返回值为：[]
2022-10-19 21:50:57.134 [http-nio-8080-exec-1] INFO  com.example.demo.aspect.AopLog -耗时：54ms
2022-10-19 21:55:23.550 [main] INFO  com.example.demo.StudyApplication -Starting StudyApplication using Java 1.8.0_211 on DESKTOP-0KALMA1 with PID 4752 (E:\hyron\Lihongwei\study\target\classes started by Mr.li in E:\hyron\Lihongwei\study)
2022-10-19 21:55:23.565 [main] INFO  com.example.demo.StudyApplication -The following 1 profile is active: "dev"
2022-10-19 21:55:25.152 [main] INFO  o.s.boot.web.embedded.tomcat.TomcatWebServer -Tomcat initialized with port(s): 8080 (http)
2022-10-19 21:55:25.152 [main] INFO  org.apache.catalina.core.AprLifecycleListener -An older version [1.2.23] of the Apache Tomcat Native library is installed, while Tomcat recommends a minimum version of [1.2.30]
2022-10-19 21:55:25.152 [main] INFO  org.apache.catalina.core.AprLifecycleListener -Loaded Apache Tomcat Native library [1.2.23] using APR version [1.7.0].
2022-10-19 21:55:25.152 [main] INFO  org.apache.catalina.core.AprLifecycleListener -APR capabilities: IPv6 [true], sendfile [true], accept filters [false], random [true], UDS [false].
2022-10-19 21:55:25.152 [main] INFO  org.apache.catalina.core.AprLifecycleListener -APR/OpenSSL configuration: useAprConnector [false], useOpenSSL [true]
2022-10-19 21:55:25.167 [main] INFO  org.apache.catalina.core.AprLifecycleListener -OpenSSL successfully initialized [OpenSSL 1.1.1c  28 May 2019]
2022-10-19 21:55:25.167 [main] INFO  org.apache.coyote.http11.Http11NioProtocol -Initializing ProtocolHandler ["http-nio-8080"]
2022-10-19 21:55:25.167 [main] INFO  org.apache.catalina.core.StandardService -Starting service [Tomcat]
2022-10-19 21:55:25.167 [main] INFO  org.apache.catalina.core.StandardEngine -Starting Servlet engine: [Apache Tomcat/9.0.65]
2022-10-19 21:55:25.337 [main] INFO  o.a.c.core.ContainerBase.[Tomcat].[localhost].[/] -Initializing Spring embedded WebApplicationContext
2022-10-19 21:55:25.337 [main] INFO  o.s.b.w.s.c.ServletWebServerApplicationContext -Root WebApplicationContext: initialization completed in 1718 ms
2022-10-19 21:55:26.308 [main] INFO  org.apache.coyote.http11.Http11NioProtocol -Starting ProtocolHandler ["http-nio-8080"]
2022-10-19 21:55:26.324 [main] INFO  o.s.boot.web.embedded.tomcat.TomcatWebServer -Tomcat started on port(s): 8080 (http) with context path ''
2022-10-19 21:55:26.339 [main] INFO  com.example.demo.StudyApplication -Started StudyApplication in 3.583 seconds (JVM running for 5.01)
2022-10-19 21:55:36.751 [http-nio-8080-exec-1] INFO  o.a.c.core.ContainerBase.[Tomcat].[localhost].[/] -Initializing Spring DispatcherServlet 'dispatcherServlet'
2022-10-19 21:55:36.752 [http-nio-8080-exec-1] INFO  org.springframework.web.servlet.DispatcherServlet -Initializing Servlet 'dispatcherServlet'
2022-10-19 21:55:36.753 [http-nio-8080-exec-1] INFO  org.springframework.web.servlet.DispatcherServlet -Completed initialization in 1 ms
2022-10-19 21:55:36.828 [http-nio-8080-exec-1] INFO  com.example.demo.aspect.AopLog -调用前：com.example.demo.controller.LoginController：login,传递的参数为：[]
2022-10-19 21:55:36.829 [http-nio-8080-exec-1] INFO  com.example.demo.aspect.AopLog -调用前：com.example.demo.controller.LoginController：login
2022-10-19 21:55:36.830 [http-nio-8080-exec-1] INFO  com.example.demo.aspect.AopLog -URL:http://localhost:8080/login
2022-10-19 21:55:36.830 [http-nio-8080-exec-1] INFO  com.example.demo.aspect.AopLog -IP地址：0:0:0:0:0:0:0:1
2022-10-19 21:55:36.836 [http-nio-8080-exec-1] INFO  com.example.demo.aspect.AopLog -调用后：com.example.demo.controller.LoginController：login,返回值为：[]
2022-10-19 21:55:36.837 [http-nio-8080-exec-1] INFO  com.example.demo.aspect.AopLog -耗时：55ms
2022-10-19 21:57:08.785 [main] INFO  com.example.demo.StudyApplication -Starting StudyApplication using Java 1.8.0_211 on DESKTOP-0KALMA1 with PID 12508 (E:\hyron\Lihongwei\study\target\classes started by Mr.li in E:\hyron\Lihongwei\study)
2022-10-19 21:57:08.785 [main] INFO  com.example.demo.StudyApplication -The following 1 profile is active: "dev"
2022-10-19 21:57:10.473 [main] INFO  o.s.boot.web.embedded.tomcat.TomcatWebServer -Tomcat initialized with port(s): 8080 (http)
2022-10-19 21:57:10.473 [main] INFO  org.apache.catalina.core.AprLifecycleListener -An older version [1.2.23] of the Apache Tomcat Native library is installed, while Tomcat recommends a minimum version of [1.2.30]
2022-10-19 21:57:10.473 [main] INFO  org.apache.catalina.core.AprLifecycleListener -Loaded Apache Tomcat Native library [1.2.23] using APR version [1.7.0].
2022-10-19 21:57:10.473 [main] INFO  org.apache.catalina.core.AprLifecycleListener -APR capabilities: IPv6 [true], sendfile [true], accept filters [false], random [true], UDS [false].
2022-10-19 21:57:10.473 [main] INFO  org.apache.catalina.core.AprLifecycleListener -APR/OpenSSL configuration: useAprConnector [false], useOpenSSL [true]
2022-10-19 21:57:10.473 [main] INFO  org.apache.catalina.core.AprLifecycleListener -OpenSSL successfully initialized [OpenSSL 1.1.1c  28 May 2019]
2022-10-19 21:57:10.473 [main] INFO  org.apache.coyote.http11.Http11NioProtocol -Initializing ProtocolHandler ["http-nio-8080"]
2022-10-19 21:57:10.473 [main] INFO  org.apache.catalina.core.StandardService -Starting service [Tomcat]
2022-10-19 21:57:10.473 [main] INFO  org.apache.catalina.core.StandardEngine -Starting Servlet engine: [Apache Tomcat/9.0.65]
2022-10-19 21:57:10.620 [main] INFO  o.a.c.core.ContainerBase.[Tomcat].[localhost].[/] -Initializing Spring embedded WebApplicationContext
2022-10-19 21:57:10.620 [main] INFO  o.s.b.w.s.c.ServletWebServerApplicationContext -Root WebApplicationContext: initialization completed in 1750 ms
2022-10-19 21:57:11.538 [main] INFO  org.apache.coyote.http11.Http11NioProtocol -Starting ProtocolHandler ["http-nio-8080"]
2022-10-19 21:57:11.569 [main] INFO  o.s.boot.web.embedded.tomcat.TomcatWebServer -Tomcat started on port(s): 8080 (http) with context path ''
2022-10-19 21:57:11.575 [main] INFO  com.example.demo.StudyApplication -Started StudyApplication in 3.689 seconds (JVM running for 5.209)
2022-10-19 21:57:15.907 [http-nio-8080-exec-2] INFO  o.a.c.core.ContainerBase.[Tomcat].[localhost].[/] -Initializing Spring DispatcherServlet 'dispatcherServlet'
2022-10-19 21:57:15.908 [http-nio-8080-exec-2] INFO  org.springframework.web.servlet.DispatcherServlet -Initializing Servlet 'dispatcherServlet'
2022-10-19 21:57:15.909 [http-nio-8080-exec-2] INFO  org.springframework.web.servlet.DispatcherServlet -Completed initialization in 1 ms
2022-10-19 21:57:15.986 [http-nio-8080-exec-2] INFO  com.example.demo.aspect.AopLog -调用前：com.example.demo.controller.LoginController：login,传递的参数为：[null]
2022-10-19 21:57:15.987 [http-nio-8080-exec-2] INFO  com.example.demo.aspect.AopLog -调用前：com.example.demo.controller.LoginController：login
2022-10-19 21:57:15.988 [http-nio-8080-exec-2] INFO  com.example.demo.aspect.AopLog -URL:http://localhost:8080/login
2022-10-19 21:57:15.988 [http-nio-8080-exec-2] INFO  com.example.demo.aspect.AopLog -IP地址：0:0:0:0:0:0:0:1
2022-10-19 21:57:15.995 [http-nio-8080-exec-2] INFO  com.example.demo.aspect.AopLog -调用后：com.example.demo.controller.LoginController：login,返回值为：[null]
2022-10-19 21:57:15.995 [http-nio-8080-exec-2] INFO  com.example.demo.aspect.AopLog -耗时：55ms
2022-10-19 22:08:53.415 [main] INFO  com.example.demo.StudyApplication -Starting StudyApplication using Java 1.8.0_211 on DESKTOP-0KALMA1 with PID 16664 (E:\hyron\Lihongwei\study\target\classes started by Mr.li in E:\hyron\Lihongwei\study)
2022-10-19 22:08:53.415 [main] INFO  com.example.demo.StudyApplication -The following 1 profile is active: "dev"
2022-10-19 22:08:55.221 [main] INFO  o.s.boot.web.embedded.tomcat.TomcatWebServer -Tomcat initialized with port(s): 8080 (http)
2022-10-19 22:08:55.221 [main] INFO  org.apache.catalina.core.AprLifecycleListener -An older version [1.2.23] of the Apache Tomcat Native library is installed, while Tomcat recommends a minimum version of [1.2.30]
2022-10-19 22:08:55.221 [main] INFO  org.apache.catalina.core.AprLifecycleListener -Loaded Apache Tomcat Native library [1.2.23] using APR version [1.7.0].
2022-10-19 22:08:55.221 [main] INFO  org.apache.catalina.core.AprLifecycleListener -APR capabilities: IPv6 [true], sendfile [true], accept filters [false], random [true], UDS [false].
2022-10-19 22:08:55.221 [main] INFO  org.apache.catalina.core.AprLifecycleListener -APR/OpenSSL configuration: useAprConnector [false], useOpenSSL [true]
2022-10-19 22:08:55.236 [main] INFO  org.apache.catalina.core.AprLifecycleListener -OpenSSL successfully initialized [OpenSSL 1.1.1c  28 May 2019]
2022-10-19 22:08:55.243 [main] INFO  org.apache.coyote.http11.Http11NioProtocol -Initializing ProtocolHandler ["http-nio-8080"]
2022-10-19 22:08:55.243 [main] INFO  org.apache.catalina.core.StandardService -Starting service [Tomcat]
2022-10-19 22:08:55.243 [main] INFO  org.apache.catalina.core.StandardEngine -Starting Servlet engine: [Apache Tomcat/9.0.65]
2022-10-19 22:08:55.483 [main] INFO  o.a.c.core.ContainerBase.[Tomcat].[localhost].[/] -Initializing Spring embedded WebApplicationContext
2022-10-19 22:08:55.484 [main] INFO  o.s.b.w.s.c.ServletWebServerApplicationContext -Root WebApplicationContext: initialization completed in 1957 ms
2022-10-19 22:08:56.915 [main] INFO  org.apache.coyote.http11.Http11NioProtocol -Starting ProtocolHandler ["http-nio-8080"]
2022-10-19 22:08:56.932 [main] INFO  o.s.boot.web.embedded.tomcat.TomcatWebServer -Tomcat started on port(s): 8080 (http) with context path ''
2022-10-19 22:08:56.948 [main] INFO  com.example.demo.StudyApplication -Started StudyApplication in 4.426 seconds (JVM running for 5.854)
2022-10-19 22:09:01.834 [http-nio-8080-exec-1] INFO  o.a.c.core.ContainerBase.[Tomcat].[localhost].[/] -Initializing Spring DispatcherServlet 'dispatcherServlet'
2022-10-19 22:09:01.834 [http-nio-8080-exec-1] INFO  org.springframework.web.servlet.DispatcherServlet -Initializing Servlet 'dispatcherServlet'
2022-10-19 22:09:01.835 [http-nio-8080-exec-1] INFO  org.springframework.web.servlet.DispatcherServlet -Completed initialization in 1 ms
2022-10-19 22:09:01.864 [http-nio-8080-exec-1] INFO  com.example.demo.aspect.AopLog -调用前：com.example.demo.controller.LoginController：login
2022-10-19 22:09:01.866 [http-nio-8080-exec-1] INFO  com.example.demo.aspect.AopLog -URL:http://localhost:8080/login
2022-10-19 22:09:01.866 [http-nio-8080-exec-1] INFO  com.example.demo.aspect.AopLog -IP地址：0:0:0:0:0:0:0:1
2022-10-19 22:09:01.872 [http-nio-8080-exec-1] INFO  com.example.demo.aspect.AopLog -耗时：9ms
2022-10-19 22:09:09.142 [http-nio-8080-exec-3] INFO  com.example.demo.aspect.AopLog -调用前：com.example.demo.controller.LoginController：loginbtn
2022-10-19 22:09:09.142 [http-nio-8080-exec-3] INFO  com.example.demo.aspect.AopLog -URL:http://localhost:8080/login
2022-10-19 22:09:09.142 [http-nio-8080-exec-3] INFO  com.example.demo.aspect.AopLog -IP地址：0:0:0:0:0:0:0:1
2022-10-19 22:09:09.143 [http-nio-8080-exec-3] INFO  com.example.demo.controller.LoginController -LoginController.loginbtn开始
2022-10-19 22:09:09.155 [http-nio-8080-exec-3] INFO  com.example.demo.aspect.AopLog -调用前：com.example.demo.service.impl.LoginServiceImpl：loginAcntCheck
2022-10-19 22:09:09.155 [http-nio-8080-exec-3] INFO  com.example.demo.aspect.AopLog -URL:http://localhost:8080/login
2022-10-19 22:09:09.155 [http-nio-8080-exec-3] INFO  com.example.demo.aspect.AopLog -IP地址：0:0:0:0:0:0:0:1
2022-10-19 22:09:09.159 [http-nio-8080-exec-3] INFO  com.example.demo.service.impl.LoginServiceImpl -LoginService.loginAcntCheck开始
2022-10-19 22:09:09.215 [http-nio-8080-exec-3] INFO  com.zaxxer.hikari.HikariDataSource -HikariPool-1 - Starting...
2022-10-19 22:09:10.004 [http-nio-8080-exec-3] INFO  com.zaxxer.hikari.HikariDataSource -HikariPool-1 - Start completed.
2022-10-19 22:09:10.056 [http-nio-8080-exec-3] INFO  com.example.demo.aspect.AopLog -耗时：901ms
2022-10-19 22:09:10.056 [http-nio-8080-exec-3] INFO  com.example.demo.aspect.AopLog -耗时：901ms
2022-10-19 22:09:10.071 [http-nio-8080-exec-2] INFO  com.example.demo.aspect.AopLog -调用前：com.example.demo.controller.InitController：init
2022-10-19 22:09:10.072 [http-nio-8080-exec-2] INFO  com.example.demo.aspect.AopLog -URL:http://localhost:8080/list-init
2022-10-19 22:09:10.072 [http-nio-8080-exec-2] INFO  com.example.demo.aspect.AopLog -IP地址：0:0:0:0:0:0:0:1
2022-10-19 22:09:10.077 [http-nio-8080-exec-2] INFO  com.example.demo.controller.InitController -InitController.init开始
2022-10-19 22:09:10.077 [http-nio-8080-exec-2] INFO  com.example.demo.aspect.AopLog -调用前：com.example.demo.service.impl.InitServiceImpl：init
2022-10-19 22:09:10.077 [http-nio-8080-exec-2] INFO  com.example.demo.aspect.AopLog -URL:http://localhost:8080/list-init
2022-10-19 22:09:10.077 [http-nio-8080-exec-2] INFO  com.example.demo.aspect.AopLog -IP地址：0:0:0:0:0:0:0:1
2022-10-19 22:09:10.080 [http-nio-8080-exec-2] INFO  com.example.demo.service.impl.InitServiceImpl -InitService.init开始
2022-10-19 22:09:10.085 [http-nio-8080-exec-2] INFO  com.example.demo.service.impl.InitServiceImpl -userinfoSize:3
2022-10-19 22:09:10.085 [http-nio-8080-exec-2] INFO  com.example.demo.aspect.AopLog -耗时：8ms
2022-10-19 22:09:10.085 [http-nio-8080-exec-2] INFO  com.example.demo.aspect.AopLog -耗时：8ms
2022-10-19 22:09:57.293 [http-nio-8080-exec-4] INFO  com.example.demo.aspect.AopLog -调用前：com.example.demo.controller.LoginController：login
2022-10-19 22:09:57.293 [http-nio-8080-exec-4] INFO  com.example.demo.aspect.AopLog -URL:http://localhost:8080/login
2022-10-19 22:09:57.293 [http-nio-8080-exec-4] INFO  com.example.demo.aspect.AopLog -IP地址：0:0:0:0:0:0:0:1
2022-10-19 22:09:57.293 [http-nio-8080-exec-4] INFO  com.example.demo.aspect.AopLog -耗时：0ms
2022-10-19 22:10:05.315 [http-nio-8080-exec-6] INFO  com.example.demo.aspect.AopLog -调用前：com.example.demo.controller.LoginController：loginbtn
2022-10-19 22:10:05.316 [http-nio-8080-exec-6] INFO  com.example.demo.aspect.AopLog -URL:http://localhost:8080/login
2022-10-19 22:10:05.316 [http-nio-8080-exec-6] INFO  com.example.demo.aspect.AopLog -IP地址：0:0:0:0:0:0:0:1
2022-10-19 22:10:05.316 [http-nio-8080-exec-6] INFO  com.example.demo.controller.LoginController -LoginController.loginbtn开始
2022-10-19 22:10:05.316 [http-nio-8080-exec-6] INFO  com.example.demo.aspect.AopLog -调用前：com.example.demo.service.impl.LoginServiceImpl：loginAcntCheck
2022-10-19 22:10:05.316 [http-nio-8080-exec-6] INFO  com.example.demo.aspect.AopLog -URL:http://localhost:8080/login
2022-10-19 22:10:05.316 [http-nio-8080-exec-6] INFO  com.example.demo.aspect.AopLog -IP地址：0:0:0:0:0:0:0:1
2022-10-19 22:10:05.317 [http-nio-8080-exec-6] INFO  com.example.demo.service.impl.LoginServiceImpl -LoginService.loginAcntCheck开始
2022-10-19 22:10:05.322 [http-nio-8080-exec-6] INFO  com.example.demo.aspect.AopLog -耗时：6ms
2022-10-19 22:10:05.322 [http-nio-8080-exec-6] INFO  com.example.demo.aspect.AopLog -耗时：6ms
2022-10-19 22:10:05.331 [http-nio-8080-exec-7] INFO  com.example.demo.aspect.AopLog -调用前：com.example.demo.controller.InitController：init
2022-10-19 22:10:05.332 [http-nio-8080-exec-7] INFO  com.example.demo.aspect.AopLog -URL:http://localhost:8080/list-init
2022-10-19 22:10:05.332 [http-nio-8080-exec-7] INFO  com.example.demo.aspect.AopLog -IP地址：0:0:0:0:0:0:0:1
2022-10-19 22:10:05.332 [http-nio-8080-exec-7] INFO  com.example.demo.controller.InitController -InitController.init开始
2022-10-19 22:10:05.332 [http-nio-8080-exec-7] INFO  com.example.demo.aspect.AopLog -调用前：com.example.demo.service.impl.InitServiceImpl：init
2022-10-19 22:10:05.332 [http-nio-8080-exec-7] INFO  com.example.demo.aspect.AopLog -URL:http://localhost:8080/list-init
2022-10-19 22:10:05.332 [http-nio-8080-exec-7] INFO  com.example.demo.aspect.AopLog -IP地址：0:0:0:0:0:0:0:1
2022-10-19 22:10:05.332 [http-nio-8080-exec-7] INFO  com.example.demo.service.impl.InitServiceImpl -InitService.init开始
2022-10-19 22:10:05.335 [http-nio-8080-exec-7] INFO  com.example.demo.service.impl.InitServiceImpl -userinfoSize:3
2022-10-19 22:10:05.335 [http-nio-8080-exec-7] INFO  com.example.demo.aspect.AopLog -耗时：3ms
2022-10-19 22:10:05.335 [http-nio-8080-exec-7] INFO  com.example.demo.aspect.AopLog -耗时：3ms
2022-10-19 22:11:22.766 [main] INFO  com.example.demo.StudyApplication -Starting StudyApplication using Java 1.8.0_211 on DESKTOP-0KALMA1 with PID 11792 (E:\hyron\Lihongwei\study\target\classes started by Mr.li in E:\hyron\Lihongwei\study)
2022-10-19 22:11:22.766 [main] INFO  com.example.demo.StudyApplication -The following 1 profile is active: "dev"
2022-10-19 22:11:24.950 [main] INFO  o.s.boot.web.embedded.tomcat.TomcatWebServer -Tomcat initialized with port(s): 8080 (http)
2022-10-19 22:11:24.950 [main] INFO  org.apache.catalina.core.AprLifecycleListener -An older version [1.2.23] of the Apache Tomcat Native library is installed, while Tomcat recommends a minimum version of [1.2.30]
2022-10-19 22:11:24.950 [main] INFO  org.apache.catalina.core.AprLifecycleListener -Loaded Apache Tomcat Native library [1.2.23] using APR version [1.7.0].
2022-10-19 22:11:24.950 [main] INFO  org.apache.catalina.core.AprLifecycleListener -APR capabilities: IPv6 [true], sendfile [true], accept filters [false], random [true], UDS [false].
2022-10-19 22:11:24.950 [main] INFO  org.apache.catalina.core.AprLifecycleListener -APR/OpenSSL configuration: useAprConnector [false], useOpenSSL [true]
2022-10-19 22:11:24.950 [main] INFO  org.apache.catalina.core.AprLifecycleListener -OpenSSL successfully initialized [OpenSSL 1.1.1c  28 May 2019]
2022-10-19 22:11:24.950 [main] INFO  org.apache.coyote.http11.Http11NioProtocol -Initializing ProtocolHandler ["http-nio-8080"]
2022-10-19 22:11:24.950 [main] INFO  org.apache.catalina.core.StandardService -Starting service [Tomcat]
2022-10-19 22:11:24.950 [main] INFO  org.apache.catalina.core.StandardEngine -Starting Servlet engine: [Apache Tomcat/9.0.65]
2022-10-19 22:11:25.104 [main] INFO  o.a.c.core.ContainerBase.[Tomcat].[localhost].[/] -Initializing Spring embedded WebApplicationContext
2022-10-19 22:11:25.104 [main] INFO  o.s.b.w.s.c.ServletWebServerApplicationContext -Root WebApplicationContext: initialization completed in 2242 ms
2022-10-19 22:11:26.006 [main] INFO  org.apache.coyote.http11.Http11NioProtocol -Starting ProtocolHandler ["http-nio-8080"]
2022-10-19 22:11:26.022 [main] INFO  o.s.boot.web.embedded.tomcat.TomcatWebServer -Tomcat started on port(s): 8080 (http) with context path ''
2022-10-19 22:11:26.037 [main] INFO  com.example.demo.StudyApplication -Started StudyApplication in 4.139 seconds (JVM running for 5.538)
2022-10-19 22:11:38.431 [http-nio-8080-exec-2] INFO  o.a.c.core.ContainerBase.[Tomcat].[localhost].[/] -Initializing Spring DispatcherServlet 'dispatcherServlet'
2022-10-19 22:11:38.431 [http-nio-8080-exec-2] INFO  org.springframework.web.servlet.DispatcherServlet -Initializing Servlet 'dispatcherServlet'
2022-10-19 22:11:38.432 [http-nio-8080-exec-2] INFO  org.springframework.web.servlet.DispatcherServlet -Completed initialization in 1 ms
2022-10-19 22:11:38.464 [http-nio-8080-exec-2] INFO  com.example.demo.aspect.AopLog -length==0
2022-10-19 22:11:38.464 [http-nio-8080-exec-2] INFO  com.example.demo.aspect.AopLog -调用前：com.example.demo.controller.LoginController：login
2022-10-19 22:11:38.466 [http-nio-8080-exec-2] INFO  com.example.demo.aspect.AopLog -URL:http://localhost:8080/login
2022-10-19 22:11:38.466 [http-nio-8080-exec-2] INFO  com.example.demo.aspect.AopLog -IP地址：0:0:0:0:0:0:0:1
2022-10-19 22:11:38.473 [http-nio-8080-exec-2] INFO  com.example.demo.aspect.AopLog -耗时：10ms
2022-10-19 22:11:45.515 [http-nio-8080-exec-1] INFO  com.example.demo.aspect.AopLog -调用前：com.example.demo.controller.LoginController：loginbtn
2022-10-19 22:11:45.515 [http-nio-8080-exec-1] INFO  com.example.demo.aspect.AopLog -URL:http://localhost:8080/login
2022-10-19 22:11:45.516 [http-nio-8080-exec-1] INFO  com.example.demo.aspect.AopLog -IP地址：0:0:0:0:0:0:0:1
2022-10-19 22:11:45.516 [http-nio-8080-exec-1] INFO  com.example.demo.controller.LoginController -LoginController.loginbtn开始
2022-10-19 22:11:45.527 [http-nio-8080-exec-1] INFO  com.example.demo.aspect.AopLog -调用前：com.example.demo.service.impl.LoginServiceImpl：loginAcntCheck
2022-10-19 22:11:45.528 [http-nio-8080-exec-1] INFO  com.example.demo.aspect.AopLog -URL:http://localhost:8080/login
2022-10-19 22:11:45.528 [http-nio-8080-exec-1] INFO  com.example.demo.aspect.AopLog -IP地址：0:0:0:0:0:0:0:1
2022-10-19 22:11:45.532 [http-nio-8080-exec-1] INFO  com.example.demo.service.impl.LoginServiceImpl -LoginService.loginAcntCheck开始
2022-10-19 22:11:45.589 [http-nio-8080-exec-1] INFO  com.zaxxer.hikari.HikariDataSource -HikariPool-1 - Starting...
2022-10-19 22:11:46.352 [http-nio-8080-exec-1] INFO  com.zaxxer.hikari.HikariDataSource -HikariPool-1 - Start completed.
2022-10-19 22:11:46.442 [http-nio-8080-exec-1] INFO  com.example.demo.aspect.AopLog -耗时：915ms
2022-10-19 22:11:46.442 [http-nio-8080-exec-1] INFO  com.example.demo.aspect.AopLog -耗时：915ms
2022-10-19 22:11:46.459 [http-nio-8080-exec-3] INFO  com.example.demo.aspect.AopLog -调用前：com.example.demo.controller.InitController：init
2022-10-19 22:11:46.459 [http-nio-8080-exec-3] INFO  com.example.demo.aspect.AopLog -URL:http://localhost:8080/list-init
2022-10-19 22:11:46.459 [http-nio-8080-exec-3] INFO  com.example.demo.aspect.AopLog -IP地址：0:0:0:0:0:0:0:1
2022-10-19 22:11:46.466 [http-nio-8080-exec-3] INFO  com.example.demo.controller.InitController -InitController.init开始
2022-10-19 22:11:46.466 [http-nio-8080-exec-3] INFO  com.example.demo.aspect.AopLog -length==0
2022-10-19 22:11:46.467 [http-nio-8080-exec-3] INFO  com.example.demo.aspect.AopLog -调用前：com.example.demo.service.impl.InitServiceImpl：init
2022-10-19 22:11:46.467 [http-nio-8080-exec-3] INFO  com.example.demo.aspect.AopLog -URL:http://localhost:8080/list-init
2022-10-19 22:11:46.467 [http-nio-8080-exec-3] INFO  com.example.demo.aspect.AopLog -IP地址：0:0:0:0:0:0:0:1
2022-10-19 22:11:46.471 [http-nio-8080-exec-3] INFO  com.example.demo.service.impl.InitServiceImpl -InitService.init开始
2022-10-19 22:11:46.477 [http-nio-8080-exec-3] INFO  com.example.demo.service.impl.InitServiceImpl -userinfoSize:3
2022-10-19 22:11:46.477 [http-nio-8080-exec-3] INFO  com.example.demo.aspect.AopLog -耗时：11ms
2022-10-19 22:11:46.478 [http-nio-8080-exec-3] INFO  com.example.demo.aspect.AopLog -耗时：12ms
2022-10-19 22:26:13.912 [main] INFO  com.example.demo.StudyApplication -Starting StudyApplication using Java 1.8.0_211 on DESKTOP-0KALMA1 with PID 9696 (E:\hyron\Lihongwei\study\target\classes started by Mr.li in E:\hyron\Lihongwei\study)
2022-10-19 22:26:13.912 [main] INFO  com.example.demo.StudyApplication -The following 1 profile is active: "dev"
2022-10-19 22:26:15.610 [main] INFO  o.s.boot.web.embedded.tomcat.TomcatWebServer -Tomcat initialized with port(s): 8080 (http)
2022-10-19 22:26:15.610 [main] INFO  org.apache.catalina.core.AprLifecycleListener -An older version [1.2.23] of the Apache Tomcat Native library is installed, while Tomcat recommends a minimum version of [1.2.30]
2022-10-19 22:26:15.610 [main] INFO  org.apache.catalina.core.AprLifecycleListener -Loaded Apache Tomcat Native library [1.2.23] using APR version [1.7.0].
2022-10-19 22:26:15.616 [main] INFO  org.apache.catalina.core.AprLifecycleListener -APR capabilities: IPv6 [true], sendfile [true], accept filters [false], random [true], UDS [false].
2022-10-19 22:26:15.616 [main] INFO  org.apache.catalina.core.AprLifecycleListener -APR/OpenSSL configuration: useAprConnector [false], useOpenSSL [true]
2022-10-19 22:26:15.616 [main] INFO  org.apache.catalina.core.AprLifecycleListener -OpenSSL successfully initialized [OpenSSL 1.1.1c  28 May 2019]
2022-10-19 22:26:15.616 [main] INFO  org.apache.coyote.http11.Http11NioProtocol -Initializing ProtocolHandler ["http-nio-8080"]
2022-10-19 22:26:15.616 [main] INFO  org.apache.catalina.core.StandardService -Starting service [Tomcat]
2022-10-19 22:26:15.616 [main] INFO  org.apache.catalina.core.StandardEngine -Starting Servlet engine: [Apache Tomcat/9.0.65]
2022-10-19 22:26:15.763 [main] INFO  o.a.c.core.ContainerBase.[Tomcat].[localhost].[/] -Initializing Spring embedded WebApplicationContext
2022-10-19 22:26:15.763 [main] INFO  o.s.b.w.s.c.ServletWebServerApplicationContext -Root WebApplicationContext: initialization completed in 1782 ms
2022-10-19 22:26:16.713 [main] INFO  org.apache.coyote.http11.Http11NioProtocol -Starting ProtocolHandler ["http-nio-8080"]
2022-10-19 22:26:16.735 [main] INFO  o.s.boot.web.embedded.tomcat.TomcatWebServer -Tomcat started on port(s): 8080 (http) with context path ''
2022-10-19 22:26:16.735 [main] INFO  com.example.demo.StudyApplication -Started StudyApplication in 3.662 seconds (JVM running for 5.155)
2022-10-19 22:26:25.553 [http-nio-8080-exec-2] INFO  o.a.c.core.ContainerBase.[Tomcat].[localhost].[/] -Initializing Spring DispatcherServlet 'dispatcherServlet'
2022-10-19 22:26:25.553 [http-nio-8080-exec-2] INFO  org.springframework.web.servlet.DispatcherServlet -Initializing Servlet 'dispatcherServlet'
2022-10-19 22:26:25.553 [http-nio-8080-exec-2] INFO  org.springframework.web.servlet.DispatcherServlet -Completed initialization in 0 ms
2022-10-19 22:26:25.637 [http-nio-8080-exec-2] INFO  com.example.demo.aspect.AopLog -调用前：com.example.demo.controller.LoginController：login
2022-10-19 22:26:25.637 [http-nio-8080-exec-2] INFO  com.example.demo.aspect.AopLog -URL:http://localhost:8080/login
2022-10-19 22:26:25.637 [http-nio-8080-exec-2] INFO  com.example.demo.aspect.AopLog -IP地址：0:0:0:0:0:0:0:1
2022-10-19 22:26:25.737 [http-nio-8080-exec-2] INFO  com.example.demo.aspect.AopLog -调用后：com.example.demo.controller.LoginController：login,返回值为："login"
2022-10-19 22:26:25.737 [http-nio-8080-exec-2] INFO  com.example.demo.aspect.AopLog -耗时：106ms
2022-10-19 22:29:14.703 [main] INFO  com.example.demo.StudyApplication -Starting StudyApplication using Java 1.8.0_211 on DESKTOP-0KALMA1 with PID 7492 (E:\hyron\Lihongwei\study\target\classes started by Mr.li in E:\hyron\Lihongwei\study)
2022-10-19 22:29:14.708 [main] INFO  com.example.demo.StudyApplication -The following 1 profile is active: "dev"
2022-10-19 22:29:16.542 [main] INFO  o.s.boot.web.embedded.tomcat.TomcatWebServer -Tomcat initialized with port(s): 8080 (http)
2022-10-19 22:29:16.542 [main] INFO  org.apache.catalina.core.AprLifecycleListener -An older version [1.2.23] of the Apache Tomcat Native library is installed, while Tomcat recommends a minimum version of [1.2.30]
2022-10-19 22:29:16.542 [main] INFO  org.apache.catalina.core.AprLifecycleListener -Loaded Apache Tomcat Native library [1.2.23] using APR version [1.7.0].
2022-10-19 22:29:16.542 [main] INFO  org.apache.catalina.core.AprLifecycleListener -APR capabilities: IPv6 [true], sendfile [true], accept filters [false], random [true], UDS [false].
2022-10-19 22:29:16.542 [main] INFO  org.apache.catalina.core.AprLifecycleListener -APR/OpenSSL configuration: useAprConnector [false], useOpenSSL [true]
2022-10-19 22:29:16.560 [main] INFO  org.apache.catalina.core.AprLifecycleListener -OpenSSL successfully initialized [OpenSSL 1.1.1c  28 May 2019]
2022-10-19 22:29:16.577 [main] INFO  org.apache.coyote.http11.Http11NioProtocol -Initializing ProtocolHandler ["http-nio-8080"]
2022-10-19 22:29:16.579 [main] INFO  org.apache.catalina.core.StandardService -Starting service [Tomcat]
2022-10-19 22:29:16.580 [main] INFO  org.apache.catalina.core.StandardEngine -Starting Servlet engine: [Apache Tomcat/9.0.65]
2022-10-19 22:29:16.725 [main] INFO  o.a.c.core.ContainerBase.[Tomcat].[localhost].[/] -Initializing Spring embedded WebApplicationContext
2022-10-19 22:29:16.725 [main] INFO  o.s.b.w.s.c.ServletWebServerApplicationContext -Root WebApplicationContext: initialization completed in 1929 ms
2022-10-19 22:29:17.737 [main] INFO  org.apache.coyote.http11.Http11NioProtocol -Starting ProtocolHandler ["http-nio-8080"]
2022-10-19 22:29:17.763 [main] INFO  o.s.boot.web.embedded.tomcat.TomcatWebServer -Tomcat started on port(s): 8080 (http) with context path ''
2022-10-19 22:29:17.775 [main] INFO  com.example.demo.StudyApplication -Started StudyApplication in 4.055 seconds (JVM running for 5.525)
2022-10-19 22:29:17.978 [http-nio-8080-exec-1] INFO  o.a.c.core.ContainerBase.[Tomcat].[localhost].[/] -Initializing Spring DispatcherServlet 'dispatcherServlet'
2022-10-19 22:29:17.979 [http-nio-8080-exec-1] INFO  org.springframework.web.servlet.DispatcherServlet -Initializing Servlet 'dispatcherServlet'
2022-10-19 22:29:17.980 [http-nio-8080-exec-1] INFO  org.springframework.web.servlet.DispatcherServlet -Completed initialization in 1 ms
2022-10-19 22:29:18.012 [http-nio-8080-exec-1] INFO  com.example.demo.aspect.AopLog -调用前：com.example.demo.controller.LoginController：login
2022-10-19 22:29:18.015 [http-nio-8080-exec-1] INFO  com.example.demo.aspect.AopLog -URL:http://localhost:8080/login
2022-10-19 22:29:18.015 [http-nio-8080-exec-1] INFO  com.example.demo.aspect.AopLog -IP地址：0:0:0:0:0:0:0:1
2022-10-19 22:29:18.023 [http-nio-8080-exec-1] INFO  com.example.demo.aspect.AopLog -i22222222222内容：login
2022-10-19 22:29:18.035 [http-nio-8080-exec-1] INFO  com.example.demo.aspect.AopLog -调用后：com.example.demo.controller.LoginController：login,返回值为："login"
2022-10-19 22:29:18.035 [http-nio-8080-exec-1] INFO  com.example.demo.aspect.AopLog -耗时：24ms
2022-10-19 22:29:18.955 [http-nio-8080-exec-2] INFO  com.example.demo.aspect.AopLog -调用前：com.example.demo.controller.LoginController：login
2022-10-19 22:29:18.956 [http-nio-8080-exec-2] INFO  com.example.demo.aspect.AopLog -URL:http://localhost:8080/login
2022-10-19 22:29:18.956 [http-nio-8080-exec-2] INFO  com.example.demo.aspect.AopLog -IP地址：0:0:0:0:0:0:0:1
2022-10-19 22:29:18.957 [http-nio-8080-exec-2] INFO  com.example.demo.aspect.AopLog -i22222222222内容：login
2022-10-19 22:29:18.957 [http-nio-8080-exec-2] INFO  com.example.demo.aspect.AopLog -调用后：com.example.demo.controller.LoginController：login,返回值为："login"
2022-10-19 22:29:18.957 [http-nio-8080-exec-2] INFO  com.example.demo.aspect.AopLog -耗时：2ms
2022-10-19 22:35:02.610 [main] INFO  com.example.demo.StudyApplication -Starting StudyApplication using Java 1.8.0_211 on DESKTOP-0KALMA1 with PID 15552 (E:\hyron\Lihongwei\study\target\classes started by Mr.li in E:\hyron\Lihongwei\study)
2022-10-19 22:35:02.625 [main] INFO  com.example.demo.StudyApplication -The following 1 profile is active: "dev"
2022-10-19 22:35:04.214 [main] INFO  o.s.boot.web.embedded.tomcat.TomcatWebServer -Tomcat initialized with port(s): 8080 (http)
2022-10-19 22:35:04.214 [main] INFO  org.apache.catalina.core.AprLifecycleListener -An older version [1.2.23] of the Apache Tomcat Native library is installed, while Tomcat recommends a minimum version of [1.2.30]
2022-10-19 22:35:04.214 [main] INFO  org.apache.catalina.core.AprLifecycleListener -Loaded Apache Tomcat Native library [1.2.23] using APR version [1.7.0].
2022-10-19 22:35:04.214 [main] INFO  org.apache.catalina.core.AprLifecycleListener -APR capabilities: IPv6 [true], sendfile [true], accept filters [false], random [true], UDS [false].
2022-10-19 22:35:04.214 [main] INFO  org.apache.catalina.core.AprLifecycleListener -APR/OpenSSL configuration: useAprConnector [false], useOpenSSL [true]
2022-10-19 22:35:04.214 [main] INFO  org.apache.catalina.core.AprLifecycleListener -OpenSSL successfully initialized [OpenSSL 1.1.1c  28 May 2019]
2022-10-19 22:35:04.229 [main] INFO  org.apache.coyote.http11.Http11NioProtocol -Initializing ProtocolHandler ["http-nio-8080"]
2022-10-19 22:35:04.229 [main] INFO  org.apache.catalina.core.StandardService -Starting service [Tomcat]
2022-10-19 22:35:04.229 [main] INFO  org.apache.catalina.core.StandardEngine -Starting Servlet engine: [Apache Tomcat/9.0.65]
2022-10-19 22:35:04.367 [main] INFO  o.a.c.core.ContainerBase.[Tomcat].[localhost].[/] -Initializing Spring embedded WebApplicationContext
2022-10-19 22:35:04.367 [main] INFO  o.s.b.w.s.c.ServletWebServerApplicationContext -Root WebApplicationContext: initialization completed in 1673 ms
2022-10-19 22:35:05.316 [main] INFO  org.apache.coyote.http11.Http11NioProtocol -Starting ProtocolHandler ["http-nio-8080"]
2022-10-19 22:35:05.332 [main] INFO  o.s.boot.web.embedded.tomcat.TomcatWebServer -Tomcat started on port(s): 8080 (http) with context path ''
2022-10-19 22:35:05.348 [main] INFO  com.example.demo.StudyApplication -Started StudyApplication in 3.576 seconds (JVM running for 5.069)
2022-10-19 22:35:15.958 [http-nio-8080-exec-1] INFO  o.a.c.core.ContainerBase.[Tomcat].[localhost].[/] -Initializing Spring DispatcherServlet 'dispatcherServlet'
2022-10-19 22:35:15.958 [http-nio-8080-exec-1] INFO  org.springframework.web.servlet.DispatcherServlet -Initializing Servlet 'dispatcherServlet'
2022-10-19 22:35:15.959 [http-nio-8080-exec-1] INFO  org.springframework.web.servlet.DispatcherServlet -Completed initialization in 1 ms
2022-10-19 22:35:15.991 [http-nio-8080-exec-1] INFO  com.example.demo.aspect.AopLog -调用前：com.example.demo.controller.LoginController：login
2022-10-19 22:35:15.993 [http-nio-8080-exec-1] INFO  com.example.demo.aspect.AopLog -URL:http://localhost:8080/login
2022-10-19 22:35:15.993 [http-nio-8080-exec-1] INFO  com.example.demo.aspect.AopLog -IP地址：0:0:0:0:0:0:0:1
2022-10-19 22:35:15.999 [http-nio-8080-exec-1] INFO  com.example.demo.aspect.AopLog -i22222222222内容：login
2022-10-19 22:35:15.999 [http-nio-8080-exec-1] INFO  com.example.demo.aspect.AopLog -调用后：com.example.demo.controller.LoginController：login,返回值为：login
2022-10-19 22:35:15.999 [http-nio-8080-exec-1] INFO  com.example.demo.aspect.AopLog -耗时：12ms
2022-10-19 22:39:45.774 [main] INFO  com.example.demo.StudyApplication -Starting StudyApplication using Java 1.8.0_211 on DESKTOP-0KALMA1 with PID 4424 (E:\hyron\Lihongwei\study\target\classes started by Mr.li in E:\hyron\Lihongwei\study)
2022-10-19 22:39:45.774 [main] INFO  com.example.demo.StudyApplication -The following 1 profile is active: "dev"
2022-10-19 22:39:47.348 [main] INFO  o.s.boot.web.embedded.tomcat.TomcatWebServer -Tomcat initialized with port(s): 8080 (http)
2022-10-19 22:39:47.348 [main] INFO  org.apache.catalina.core.AprLifecycleListener -An older version [1.2.23] of the Apache Tomcat Native library is installed, while Tomcat recommends a minimum version of [1.2.30]
2022-10-19 22:39:47.348 [main] INFO  org.apache.catalina.core.AprLifecycleListener -Loaded Apache Tomcat Native library [1.2.23] using APR version [1.7.0].
2022-10-19 22:39:47.348 [main] INFO  org.apache.catalina.core.AprLifecycleListener -APR capabilities: IPv6 [true], sendfile [true], accept filters [false], random [true], UDS [false].
2022-10-19 22:39:47.348 [main] INFO  org.apache.catalina.core.AprLifecycleListener -APR/OpenSSL configuration: useAprConnector [false], useOpenSSL [true]
2022-10-19 22:39:47.364 [main] INFO  org.apache.catalina.core.AprLifecycleListener -OpenSSL successfully initialized [OpenSSL 1.1.1c  28 May 2019]
2022-10-19 22:39:47.364 [main] INFO  org.apache.coyote.http11.Http11NioProtocol -Initializing ProtocolHandler ["http-nio-8080"]
2022-10-19 22:39:47.364 [main] INFO  org.apache.catalina.core.StandardService -Starting service [Tomcat]
2022-10-19 22:39:47.364 [main] INFO  org.apache.catalina.core.StandardEngine -Starting Servlet engine: [Apache Tomcat/9.0.65]
2022-10-19 22:39:47.502 [main] INFO  o.a.c.core.ContainerBase.[Tomcat].[localhost].[/] -Initializing Spring embedded WebApplicationContext
2022-10-19 22:39:47.502 [main] INFO  o.s.b.w.s.c.ServletWebServerApplicationContext -Root WebApplicationContext: initialization completed in 1659 ms
2022-10-19 22:39:48.382 [main] INFO  org.apache.coyote.http11.Http11NioProtocol -Starting ProtocolHandler ["http-nio-8080"]
2022-10-19 22:39:48.404 [main] INFO  o.s.boot.web.embedded.tomcat.TomcatWebServer -Tomcat started on port(s): 8080 (http) with context path ''
2022-10-19 22:39:48.404 [main] INFO  com.example.demo.StudyApplication -Started StudyApplication in 3.533 seconds (JVM running for 5.032)
2022-10-19 22:40:01.046 [http-nio-8080-exec-1] INFO  o.a.c.core.ContainerBase.[Tomcat].[localhost].[/] -Initializing Spring DispatcherServlet 'dispatcherServlet'
2022-10-19 22:40:01.046 [http-nio-8080-exec-1] INFO  org.springframework.web.servlet.DispatcherServlet -Initializing Servlet 'dispatcherServlet'
2022-10-19 22:40:01.047 [http-nio-8080-exec-1] INFO  org.springframework.web.servlet.DispatcherServlet -Completed initialization in 0 ms
2022-10-19 22:40:01.078 [http-nio-8080-exec-1] INFO  com.example.demo.aspect.AopLog -调用前：com.example.demo.controller.LoginController：login
2022-10-19 22:40:01.080 [http-nio-8080-exec-1] INFO  com.example.demo.aspect.AopLog -URL:http://localhost:8080/login
2022-10-19 22:40:01.080 [http-nio-8080-exec-1] INFO  com.example.demo.aspect.AopLog -IP地址：0:0:0:0:0:0:0:1
2022-10-19 22:40:01.085 [http-nio-8080-exec-1] INFO  com.example.demo.aspect.AopLog -i22222222222内容：login
2022-10-19 22:40:01.086 [http-nio-8080-exec-1] INFO  com.example.demo.aspect.AopLog -调用后：com.example.demo.controller.LoginController：login,返回值为：login
2022-10-19 22:40:01.086 [http-nio-8080-exec-1] INFO  com.example.demo.aspect.AopLog -耗时：9ms
2022-10-19 22:40:07.154 [http-nio-8080-exec-3] INFO  com.example.demo.aspect.AopLog -调用前：com.example.demo.controller.LoginController：loginbtn,传递的参数为：[Ljava.lang.Object;@12bdad
2022-10-19 22:40:07.154 [http-nio-8080-exec-3] INFO  com.example.demo.aspect.AopLog -URL:http://localhost:8080/login
2022-10-19 22:40:07.154 [http-nio-8080-exec-3] INFO  com.example.demo.aspect.AopLog -IP地址：0:0:0:0:0:0:0:1
2022-10-19 22:40:07.163 [http-nio-8080-exec-3] INFO  com.example.demo.aspect.AopLog -调用前：com.example.demo.service.impl.LoginServiceImpl：loginAcntCheck,传递的参数为：[Ljava.lang.Object;@35b2fc16
2022-10-19 22:40:07.163 [http-nio-8080-exec-3] INFO  com.example.demo.aspect.AopLog -URL:http://localhost:8080/login
2022-10-19 22:40:07.163 [http-nio-8080-exec-3] INFO  com.example.demo.aspect.AopLog -IP地址：0:0:0:0:0:0:0:1
2022-10-19 22:40:07.222 [http-nio-8080-exec-3] INFO  com.zaxxer.hikari.HikariDataSource -HikariPool-1 - Starting...
2022-10-19 22:40:07.976 [http-nio-8080-exec-3] INFO  com.zaxxer.hikari.HikariDataSource -HikariPool-1 - Start completed.
2022-10-19 22:40:08.058 [http-nio-8080-exec-3] INFO  com.example.demo.aspect.AopLog -i22222222222内容：true
2022-10-19 22:40:08.058 [http-nio-8080-exec-3] INFO  com.example.demo.aspect.AopLog -调用后：com.example.demo.service.impl.LoginServiceImpl：loginAcntCheck,返回值为：true
2022-10-19 22:40:08.058 [http-nio-8080-exec-3] INFO  com.example.demo.aspect.AopLog -耗时：895ms
2022-10-19 22:40:08.058 [http-nio-8080-exec-3] INFO  com.example.demo.aspect.AopLog -i22222222222内容：redirect:list-init
2022-10-19 22:40:08.058 [http-nio-8080-exec-3] INFO  com.example.demo.aspect.AopLog -调用后：com.example.demo.controller.LoginController：loginbtn,返回值为：redirect:list-init
2022-10-19 22:40:08.058 [http-nio-8080-exec-3] INFO  com.example.demo.aspect.AopLog -耗时：895ms
2022-10-19 22:40:08.076 [http-nio-8080-exec-2] INFO  com.example.demo.aspect.AopLog -调用前：com.example.demo.controller.InitController：init,传递的参数为：[Ljava.lang.Object;@3482a4a4
2022-10-19 22:40:08.076 [http-nio-8080-exec-2] INFO  com.example.demo.aspect.AopLog -URL:http://localhost:8080/list-init
2022-10-19 22:40:08.076 [http-nio-8080-exec-2] INFO  com.example.demo.aspect.AopLog -IP地址：0:0:0:0:0:0:0:1
2022-10-19 22:40:08.080 [http-nio-8080-exec-2] INFO  com.example.demo.aspect.AopLog -调用前：com.example.demo.service.impl.InitServiceImpl：init
2022-10-19 22:40:08.081 [http-nio-8080-exec-2] INFO  com.example.demo.aspect.AopLog -URL:http://localhost:8080/list-init
2022-10-19 22:40:08.081 [http-nio-8080-exec-2] INFO  com.example.demo.aspect.AopLog -IP地址：0:0:0:0:0:0:0:1
2022-10-19 22:40:08.089 [http-nio-8080-exec-2] INFO  com.example.demo.aspect.AopLog -i22222222222内容：[com.example.demo.entity.TUserInfo@7b78467f, com.example.demo.entity.TUserInfo@5a7e6a30, com.example.demo.entity.TUserInfo@4a493a57]
2022-10-19 22:40:08.090 [http-nio-8080-exec-2] INFO  com.example.demo.aspect.AopLog -调用后：com.example.demo.service.impl.InitServiceImpl：init,返回值为：[com.example.demo.entity.TUserInfo@7b78467f, com.example.demo.entity.TUserInfo@5a7e6a30, com.example.demo.entity.TUserInfo@4a493a57]
2022-10-19 22:40:08.090 [http-nio-8080-exec-2] INFO  com.example.demo.aspect.AopLog -耗时：10ms
2022-10-19 22:40:08.090 [http-nio-8080-exec-2] INFO  com.example.demo.aspect.AopLog -i22222222222内容：list-init
2022-10-19 22:40:08.092 [http-nio-8080-exec-2] INFO  com.example.demo.aspect.AopLog -调用后：com.example.demo.controller.InitController：init,返回值为：list-init
2022-10-19 22:40:08.092 [http-nio-8080-exec-2] INFO  com.example.demo.aspect.AopLog -耗时：12ms
2022-10-19 22:45:44.514 [main] INFO  com.example.demo.StudyApplication -Starting StudyApplication using Java 1.8.0_211 on DESKTOP-0KALMA1 with PID 16008 (E:\hyron\Lihongwei\study\target\classes started by Mr.li in E:\hyron\Lihongwei\study)
2022-10-19 22:45:44.519 [main] INFO  com.example.demo.StudyApplication -The following 1 profile is active: "dev"
2022-10-19 22:45:46.005 [main] INFO  o.s.boot.web.embedded.tomcat.TomcatWebServer -Tomcat initialized with port(s): 8080 (http)
2022-10-19 22:45:46.005 [main] INFO  org.apache.catalina.core.AprLifecycleListener -An older version [1.2.23] of the Apache Tomcat Native library is installed, while Tomcat recommends a minimum version of [1.2.30]
2022-10-19 22:45:46.005 [main] INFO  org.apache.catalina.core.AprLifecycleListener -Loaded Apache Tomcat Native library [1.2.23] using APR version [1.7.0].
2022-10-19 22:45:46.005 [main] INFO  org.apache.catalina.core.AprLifecycleListener -APR capabilities: IPv6 [true], sendfile [true], accept filters [false], random [true], UDS [false].
2022-10-19 22:45:46.005 [main] INFO  org.apache.catalina.core.AprLifecycleListener -APR/OpenSSL configuration: useAprConnector [false], useOpenSSL [true]
2022-10-19 22:45:46.005 [main] INFO  org.apache.catalina.core.AprLifecycleListener -OpenSSL successfully initialized [OpenSSL 1.1.1c  28 May 2019]
2022-10-19 22:45:46.021 [main] INFO  org.apache.coyote.http11.Http11NioProtocol -Initializing ProtocolHandler ["http-nio-8080"]
2022-10-19 22:45:46.021 [main] INFO  org.apache.catalina.core.StandardService -Starting service [Tomcat]
2022-10-19 22:45:46.021 [main] INFO  org.apache.catalina.core.StandardEngine -Starting Servlet engine: [Apache Tomcat/9.0.65]
2022-10-19 22:45:46.152 [main] INFO  o.a.c.core.ContainerBase.[Tomcat].[localhost].[/] -Initializing Spring embedded WebApplicationContext
2022-10-19 22:45:46.152 [main] INFO  o.s.b.w.s.c.ServletWebServerApplicationContext -Root WebApplicationContext: initialization completed in 1478 ms
2022-10-19 22:45:47.055 [main] INFO  org.apache.coyote.http11.Http11NioProtocol -Starting ProtocolHandler ["http-nio-8080"]
2022-10-19 22:45:47.070 [main] INFO  o.s.boot.web.embedded.tomcat.TomcatWebServer -Tomcat started on port(s): 8080 (http) with context path ''
2022-10-19 22:45:47.091 [main] INFO  com.example.demo.StudyApplication -Started StudyApplication in 3.462 seconds (JVM running for 5.164)
2022-10-19 22:45:55.602 [http-nio-8080-exec-2] INFO  o.a.c.core.ContainerBase.[Tomcat].[localhost].[/] -Initializing Spring DispatcherServlet 'dispatcherServlet'
2022-10-19 22:45:55.602 [http-nio-8080-exec-2] INFO  org.springframework.web.servlet.DispatcherServlet -Initializing Servlet 'dispatcherServlet'
2022-10-19 22:45:55.604 [http-nio-8080-exec-2] INFO  org.springframework.web.servlet.DispatcherServlet -Completed initialization in 2 ms
2022-10-19 22:45:55.644 [http-nio-8080-exec-2] INFO  com.example.demo.aspect.AopLog -方法开始：com.example.demo.controller.LoginController：login
2022-10-19 22:45:55.646 [http-nio-8080-exec-2] INFO  com.example.demo.aspect.AopLog -URL:http://localhost:8080/login
2022-10-19 22:45:55.646 [http-nio-8080-exec-2] INFO  com.example.demo.aspect.AopLog -IP地址：0:0:0:0:0:0:0:1
2022-10-19 22:45:55.652 [http-nio-8080-exec-2] INFO  com.example.demo.aspect.AopLog -方法结束：com.example.demo.controller.LoginController：login,返回值为：login
2022-10-19 22:45:55.652 [http-nio-8080-exec-2] INFO  com.example.demo.aspect.AopLog -耗时：9ms
2022-10-19 22:46:01.989 [http-nio-8080-exec-1] INFO  com.example.demo.aspect.AopLog -方法开始：com.example.demo.controller.LoginController：loginbtn
2022-10-19 22:46:01.990 [http-nio-8080-exec-1] INFO  com.example.demo.aspect.AopLog -URL:http://localhost:8080/login
2022-10-19 22:46:01.990 [http-nio-8080-exec-1] INFO  com.example.demo.aspect.AopLog -IP地址：0:0:0:0:0:0:0:1
2022-10-19 22:46:01.998 [http-nio-8080-exec-1] INFO  com.example.demo.aspect.AopLog -方法开始：com.example.demo.service.impl.LoginServiceImpl：loginAcntCheck
2022-10-19 22:46:01.998 [http-nio-8080-exec-1] INFO  com.example.demo.aspect.AopLog -URL:http://localhost:8080/login
2022-10-19 22:46:01.998 [http-nio-8080-exec-1] INFO  com.example.demo.aspect.AopLog -IP地址：0:0:0:0:0:0:0:1
2022-10-19 22:46:02.057 [http-nio-8080-exec-1] INFO  com.zaxxer.hikari.HikariDataSource -HikariPool-1 - Starting...
2022-10-19 22:46:02.812 [http-nio-8080-exec-1] INFO  com.zaxxer.hikari.HikariDataSource -HikariPool-1 - Start completed.
2022-10-19 22:46:02.875 [http-nio-8080-exec-1] INFO  com.example.demo.aspect.AopLog -方法结束：com.example.demo.service.impl.LoginServiceImpl：loginAcntCheck,返回值为：true
2022-10-19 22:46:02.875 [http-nio-8080-exec-1] INFO  com.example.demo.aspect.AopLog -耗时：877ms
2022-10-19 22:46:02.875 [http-nio-8080-exec-1] INFO  com.example.demo.aspect.AopLog -方法结束：com.example.demo.controller.LoginController：loginbtn,返回值为：redirect:list-init
2022-10-19 22:46:02.875 [http-nio-8080-exec-1] INFO  com.example.demo.aspect.AopLog -耗时：877ms
2022-10-19 22:46:02.893 [http-nio-8080-exec-3] INFO  com.example.demo.aspect.AopLog -方法开始：com.example.demo.controller.InitController：init
2022-10-19 22:46:02.893 [http-nio-8080-exec-3] INFO  com.example.demo.aspect.AopLog -URL:http://localhost:8080/list-init
2022-10-19 22:46:02.893 [http-nio-8080-exec-3] INFO  com.example.demo.aspect.AopLog -IP地址：0:0:0:0:0:0:0:1
2022-10-19 22:46:02.897 [http-nio-8080-exec-3] INFO  com.example.demo.aspect.AopLog -方法开始：com.example.demo.service.impl.InitServiceImpl：init
2022-10-19 22:46:02.897 [http-nio-8080-exec-3] INFO  com.example.demo.aspect.AopLog -URL:http://localhost:8080/list-init
2022-10-19 22:46:02.897 [http-nio-8080-exec-3] INFO  com.example.demo.aspect.AopLog -IP地址：0:0:0:0:0:0:0:1
2022-10-19 22:46:02.908 [http-nio-8080-exec-3] INFO  com.example.demo.aspect.AopLog -方法结束：com.example.demo.service.impl.InitServiceImpl：init,返回值为：[com.example.demo.entity.TUserInfo@10f2c7ff, com.example.demo.entity.TUserInfo@55f05b85, com.example.demo.entity.TUserInfo@1ad1fb60]
2022-10-19 22:46:02.908 [http-nio-8080-exec-3] INFO  com.example.demo.aspect.AopLog -耗时：11ms
2022-10-19 22:46:02.908 [http-nio-8080-exec-3] INFO  com.example.demo.aspect.AopLog -方法结束：com.example.demo.controller.InitController：init,返回值为：list-init
2022-10-19 22:46:02.908 [http-nio-8080-exec-3] INFO  com.example.demo.aspect.AopLog -耗时：11ms
