0 info it worked if it ends with ok
1 verbose cli [ 'E:\\nodejs\\node.exe',
1 verbose cli   'E:\\nodejs\\node_modules\\npm\\bin\\npm-cli.js',
1 verbose cli   'start' ]
2 info using npm@3.10.10
3 info using node@v6.10.3
4 verbose run-script [ 'prestart', 'start', 'poststart' ]
5 info lifecycle sample@1.0.0~prestart: sample@1.0.0
6 silly lifecycle sample@1.0.0~prestart: no script for prestart, continuing
7 info lifecycle sample@1.0.0~start: sample@1.0.0
8 verbose lifecycle sample@1.0.0~start: unsafe-perm in lifecycle true
9 verbose lifecycle sample@1.0.0~start: PATH: E:\nodejs\node_modules\npm\bin\node-gyp-bin;E:\hyron\Lihongwei\sample\backend\node_modules\.bin;C:\Program Files (x86)\Common Files\Oracle\Java\javapath;C:\Windows\system32;C:\Windows;C:\Windows\System32\Wbem;C:\Windows\System32\WindowsPowerShell\v1.0\;C:\Program Files\dotnet\;C:\Program Files (x86)\dotnet\;C:\Program Files (x86)\NVIDIA Corporation\PhysX\Common;F:\Java8\jdk1.8.0_211\bin;F:\Java8\jdk1.8.0_211\jre\bin;F:\Android\Android Studio\gradle\gradle-4.10.1\bin;C:\WINDOWS\system32;C:\WINDOWS;C:\WINDOWS\System32\Wbem;C:\WINDOWS\System32\WindowsPowerShell\v1.0\;C:\WINDOWS\System32\OpenSSH\;F:\Python\Python36;D:\tomcat\apache-tomcat-7.0.96-windows-x64\bin;F:\Android\SDK\platform-tools\;F:\apache-maven-3.3.9-bin\bin;F:\apache-maven-3.3.9-bin\bin;E:\nodejs\;C:\Users\Mr.li\AppData\Local\Microsoft\WindowsApps;C:\Users\Mr.li\AppData\Local\BypassRuntm;F:\Bandizip\;D:\Fiddler;%USERPROFILE%\AppData\Local\Microsoft\WindowsApps;
10 verbose lifecycle sample@1.0.0~start: CWD: E:\hyron\Lihongwei\sample\backend
11 silly lifecycle sample@1.0.0~start: Args: [ '/d /s /c', 'node index.js' ]
12 silly lifecycle sample@1.0.0~start: Returned: code: 1  signal: null
13 info lifecycle sample@1.0.0~start: Failed to exec start script
14 verbose stack Error: sample@1.0.0 start: `node index.js`
14 verbose stack Exit status 1
14 verbose stack     at EventEmitter.<anonymous> (E:\nodejs\node_modules\npm\lib\utils\lifecycle.js:255:16)
14 verbose stack     at emitTwo (events.js:106:13)
14 verbose stack     at EventEmitter.emit (events.js:191:7)
14 verbose stack     at ChildProcess.<anonymous> (E:\nodejs\node_modules\npm\lib\utils\spawn.js:40:14)
14 verbose stack     at emitTwo (events.js:106:13)
14 verbose stack     at ChildProcess.emit (events.js:191:7)
14 verbose stack     at maybeClose (internal/child_process.js:886:16)
14 verbose stack     at Process.ChildProcess._handle.onexit (internal/child_process.js:226:5)
15 verbose pkgid sample@1.0.0
16 verbose cwd E:\hyron\Lihongwei\sample\backend
17 error Windows_NT 10.0.19042
18 error argv "E:\\nodejs\\node.exe" "E:\\nodejs\\node_modules\\npm\\bin\\npm-cli.js" "start"
19 error node v6.10.3
20 error npm  v3.10.10
21 error code ELIFECYCLE
22 error sample@1.0.0 start: `node index.js`
22 error Exit status 1
23 error Failed at the sample@1.0.0 start script 'node index.js'.
23 error Make sure you have the latest version of node.js and npm installed.
23 error If you do, this is most likely a problem with the sample package,
23 error not with npm itself.
23 error Tell the author that this fails on your system:
23 error     node index.js
23 error You can get information on how to open an issue for this project with:
23 error     npm bugs sample
23 error Or if that isn't available, you can get their info via:
23 error     npm owner ls sample
23 error There is likely additional logging output above.
24 verbose exit [ 1, true ]
